{"level":"error","message":"statusCode-200 in url- /api/v1/meeting/create-meeting, req-method- POST Error: Cannot schedule a meeting in the past.","timestamp":"2025-08-27T08:03:22.944Z"}
{"level":"error","message":"statusCode-200 in url- /api/v1/meeting/create-meeting, req-method- POST Error: A meeting is already scheduled by you at this time. Please choose a different time.","timestamp":"2025-08-27T08:04:06.051Z"}
{"level":"error","message":"statusCode-200 in url- /api/v1/lead/talking/status/68aebd55fddc672ab2fd42de, req-method- PUT Error: Service Error: Repository Error: Estimate must be completed before moving to talking","timestamp":"2025-08-27T08:12:23.000Z"}
{"level":"error","message":"statusCode-200 in url- /api/v1/negotiation/68aebd55fddc672ab2fd42de/move-to-negotiation, req-method- PATCH Error: getaddrinfo ENOTFOUND abhirachnabucket.s3.ap-south-1.amazonaws.com","timestamp":"2025-08-27T08:16:52.360Z"}
{"level":"error","message":"statusCode-200 in url- /api/v1/negotiation/68aebd55fddc672ab2fd42de/move-to-negotiation, req-method- PATCH Error: getaddrinfo ENOTFOUND abhirachnabucket.s3.ap-south-1.amazonaws.com","timestamp":"2025-08-27T08:17:03.473Z"}
{"level":"error","message":"statusCode-200 in url- /api/v1/auth/loginEmployee, req-method- POST Error: Invalid credentials","timestamp":"2025-08-31T07:49:15.887Z"}
{"level":"error","message":"statusCode-200 in url- /api/v1/lead/design/status/68ac5aeac669623dda53ec77, req-method- PUT Error: Service error (updateStatusToDesigning): Error during repository operation: You are not authorized to change this lead status","timestamp":"2025-08-31T08:07:04.480Z"}
{"level":"error","message":"statusCode-200 in url- /api/v1/website/testmonials/68b5419f1ebad1193456bc17/update, req-method- PUT Error: Service error: Repository Error: Cast to string failed for value \"{}\" (type Object) at path \"image\"","timestamp":"2025-09-01T07:38:34.318Z"}
{"level":"error","message":"statusCode-200 in url- /api/v1/website/testmonials/68b5419f1ebad1193456bc17/update, req-method- PUT Error: Service error: Repository Error: Cast to string failed for value \"{}\" (type Object) at path \"image\"","timestamp":"2025-09-01T07:39:24.887Z"}
{"level":"error","message":"statusCode-200 in url- /api/v1/website/gallery/upload, req-method- POST Error: Service error uploadGallery ","timestamp":"2025-09-01T09:45:29.094Z"}
{"level":"error","message":"statusCode-200 in url- /api/v1/website/gallery/upload, req-method- POST Error: Service error uploadGallery ","timestamp":"2025-09-01T09:45:37.868Z"}
{"level":"error","message":"error Route not found","timestamp":"2025-09-02T04:57:32.458Z"}
{"level":"error","message":"statusCode-200 in url- /api/v1/abhirachnaa/employee/employees-list?role=salesman&leadId=68b5532b7d4f987890a35beb, req-method- GET Error: Service error (getSingleDesignOption): Repo error (getEmployeeRepository): CollaborationModel.find(...).toArray is not a function","timestamp":"2025-09-06T08:04:03.609Z"}
{"level":"error","message":"error Route not found","timestamp":"2025-09-06T11:39:15.295Z"}
{"level":"error","message":"error Route not found","timestamp":"2025-09-06T11:40:55.334Z"}
{"level":"error","message":"error Route not found","timestamp":"2025-09-06T11:41:19.989Z"}
{"level":"error","message":"error Route not found","timestamp":"2025-09-06T11:42:01.534Z"}
{"level":"error","message":"error Route not found","timestamp":"2025-09-06T11:42:17.174Z"}
{"level":"error","message":"error Route not found","timestamp":"2025-09-06T11:53:38.494Z"}
{"level":"error","message":"error Route not found","timestamp":"2025-09-06T11:57:09.148Z"}
{"level":"error","message":"statusCode-200 in url- /api/v1/estimate/create-estimate-existing-lead, req-method- POST Error: Service Error (createLeadWithEstimate): Repo Error (createEstimateForExistingLeadRepo): Lead validation failed: updatedBy: Path `updatedBy` is required.","timestamp":"2025-09-06T19:00:21.701Z"}
{"level":"error","message":"statusCode-200 in url- /api/v1/estimate/create-estimate-existing-lead, req-method- POST Error: Service Error (createLeadWithEstimate): Repo Error (createEstimateForExistingLeadRepo): Lead validation failed: updatedBy: Path `updatedBy` is required.","timestamp":"2025-09-06T19:00:21.706Z"}
{"level":"error","message":"statusCode-200 in url- /api/v1/estimate/create-estimate-existing-lead, req-method- POST Error: Service Error (createLeadWithEstimate): Repo Error (createEstimateForExistingLeadRepo): Lead validation failed: updatedBy: Path `updatedBy` is required.","timestamp":"2025-09-06T19:00:21.710Z"}
{"level":"error","message":"statusCode-200 in url- /api/v1/estimate/create-estimate-existing-lead, req-method- POST Error: Service Error (createLeadWithEstimate): Repo Error (createEstimateForExistingLeadRepo): Lead validation failed: updatedBy: Path `updatedBy` is required.","timestamp":"2025-09-06T19:00:21.718Z"}
{"level":"error","message":"statusCode-200 in url- /api/v1/estimate/create-estimate-existing-lead, req-method- POST Error: Service Error (createLeadWithEstimate): Repo Error (createEstimateForExistingLeadRepo): Lead validation failed: updatedBy: Path `updatedBy` is required.","timestamp":"2025-09-06T19:00:22.077Z"}
{"level":"error","message":"statusCode-200 in url- /api/v1/estimate/create-estimate-existing-lead, req-method- POST Error: Service Error (createLeadWithEstimate): Repo Error (createEstimateForExistingLeadRepo): Lead validation failed: updatedBy: Path `updatedBy` is required.","timestamp":"2025-09-06T19:00:24.504Z"}
{"level":"error","message":"statusCode-200 in url- /api/v1/estimate/create-estimate-existing-lead, req-method- POST Error: Service Error (createLeadWithEstimate): Repo Error (createEstimateForExistingLeadRepo): Lead validation failed: updatedBy: Path `updatedBy` is required.","timestamp":"2025-09-06T19:00:25.575Z"}
{"level":"error","message":"statusCode-200 in url- /api/v1/estimate/create-estimate-existing-lead, req-method- POST Error: Service Error (createLeadWithEstimate): Repo Error (createEstimateForExistingLeadRepo): Lead validation failed: updatedBy: Path `updatedBy` is required.","timestamp":"2025-09-06T19:00:32.071Z"}
{"level":"error","message":"statusCode-200 in url- /api/v1/auth/loginEmployee, req-method- POST Error: Invalid credentials","timestamp":"2025-09-07T06:50:09.061Z"}
{"level":"error","message":"statusCode-200 in url- /api/v1/lead/assign/68bd2b61f3196094f0a0efcc, req-method- PUT Error: Error while assigning lead Service layer","timestamp":"2025-09-07T07:21:27.513Z"}
{"level":"error","message":"statusCode-200 in url- /api/v1/lead/assign/68bd2b61f3196094f0a0efcc, req-method- PUT Error: Error while assigning lead Service layer","timestamp":"2025-09-07T07:21:33.254Z"}
{"level":"error","message":"statusCode-200 in url- /api/v1/lead/assign/68bd2b61f3196094f0a0efcc, req-method- PUT Error: Error while assigning lead Service layer","timestamp":"2025-09-07T07:32:40.198Z"}
{"level":"error","message":"statusCode-200 in url- /api/v1/estimate/create-estimate-existing-lead, req-method- POST Error: Service Error (createLeadWithEstimate): Repo Error (createEstimateForExistingLeadRepo): Caused by :: Write conflict during plan execution and yielding is disabled. :: Please retry your operation or multi-document transaction.","timestamp":"2025-09-07T13:59:43.456Z"}
{"level":"error","message":"statusCode-200 in url- /api/v1/estimate/create-estimate-existing-lead, req-method- POST Error: Service Error (createLeadWithEstimate): Repo Error (createEstimateForExistingLeadRepo): Caused by :: Write conflict during plan execution and yielding is disabled. :: Please retry your operation or multi-document transaction.","timestamp":"2025-09-07T14:05:47.347Z"}
{"level":"error","message":"statusCode-200 in url- /api/v1/auth/loginEmployee, req-method- POST Error: Invalid credentials","timestamp":"2025-09-08T04:59:18.124Z"}
{"level":"error","message":"statusCode-200 in url- /api/v1/lead/create/, req-method- POST Error: Error during creating lead in service layer: Error during creating lead in repository layer: LeadAlternativeDetails validation failed: relationship: Path `relationship` is required.","timestamp":"2025-09-08T05:07:44.442Z"}
{"level":"error","message":"error Route not found","timestamp":"2025-09-08T10:26:17.565Z"}
{"level":"error","message":"error Route not found","timestamp":"2025-09-08T10:27:07.193Z"}
{"level":"error","message":"statusCode-200 in url- /api/v1/lead/approve-lead-designer/68ac023ed6076c8316cd82f5, req-method- PUT Error: Error during updating lead referemce repository layer: leadoriginal.save is not a function","timestamp":"2025-09-08T10:27:40.650Z"}
{"level":"error","message":"statusCode-200 in url- /api/v1/lead/approve-lead-designer/68ac023ed6076c8316cd82f5, req-method- PUT Error: Error during updating lead referemce repository layer: leadoriginal.save is not a function","timestamp":"2025-09-08T10:27:46.692Z"}
{"level":"error","message":"statusCode-200 in url- /api/v1/auth/loginEmployee, req-method- POST Error: Invalid credentials","timestamp":"2025-09-08T11:45:10.006Z"}
{"level":"error","message":"statusCode-200 in url- /api/v1/auth/loginEmployee, req-method- POST Error: Invalid credentials","timestamp":"2025-09-08T11:45:13.333Z"}
{"level":"error","message":"statusCode-200 in url- /api/v1/lead/create/, req-method- POST Error: Error during creating lead in service layer: Error during creating lead in repository layer: LeadAlternativeDetails validation failed: relationship: Path `relationship` is required.","timestamp":"2025-09-08T14:19:25.193Z"}
{"level":"error","message":"statusCode-200 in url- /api/v1/auth/loginEmployee, req-method- POST Error: Invalid credentials","timestamp":"2025-09-08T14:22:38.743Z"}
{"level":"error","message":"statusCode-200 in url- /api/v1/auth/loginEmployee, req-method- POST Error: Invalid credentials","timestamp":"2025-09-09T05:01:16.281Z"}
{"level":"error","message":"statusCode-200 in url- /api/v1/estimate/create-estimate-existing-lead, req-method- POST Error: Service Error (createLeadWithEstimate): Repo Error (createEstimateForExistingLeadRepo): Caused by :: Write conflict during plan execution and yielding is disabled. :: Please retry your operation or multi-document transaction.","timestamp":"2025-09-09T05:35:56.110Z"}
{"level":"error","message":"statusCode-200 in url- /api/v1/estimate/updateEstimate/68bee5fa2291d21175bec66a, req-method- PUT Error: Service Error (updateLeadWithEstimate): Repo Error (createEstimateForExistingLeadRepo): Lead not found","timestamp":"2025-09-09T06:44:48.719Z"}
{"level":"error","message":"statusCode-200 in url- /api/v1/estimate/create-estimate-existing-lead, req-method- POST Error: Service Error (createLeadWithEstimate): Repo Error (createEstimateForExistingLeadRepo): Caused by :: Write conflict during plan execution and yielding is disabled. :: Please retry your operation or multi-document transaction.","timestamp":"2025-09-09T07:59:57.513Z"}
{"level":"error","message":"statusCode-200 in url- /api/v1/estimate/create-estimate-existing-lead, req-method- POST Error: Service Error (createLeadWithEstimate): Repo Error (createEstimateForExistingLeadRepo): Caused by :: Write conflict during plan execution and yielding is disabled. :: Please retry your operation or multi-document transaction.","timestamp":"2025-09-09T08:12:15.382Z"}
{"level":"error","message":"statusCode-200 in url- /api/v1/estimate/create-estimate-existing-lead, req-method- POST Error: Service Error (createLeadWithEstimate): Repo Error (createEstimateForExistingLeadRepo): Caused by :: Write conflict during plan execution and yielding is disabled. :: Please retry your operation or multi-document transaction.","timestamp":"2025-09-09T08:12:37.099Z"}
{"level":"error","message":"error Route not found","timestamp":"2025-09-09T11:04:16.355Z"}
{"level":"error","message":"error Route not found","timestamp":"2025-09-09T11:04:59.205Z"}
{"level":"error","message":"statusCode-200 in url- /api/v1/director/request/token/68bed1c3061ca72ffa1583bf?isApproved=true, req-method- PUT Error: Service Error (approveDesigningByDirector): Repository Error (approveDesigningByDirector): Token not received. Cannot approve.","timestamp":"2025-09-09T11:05:19.335Z"}
{"level":"error","message":"statusCode-200 in url- /api/v1/lead/assign/68c0089ff377d5eb79ec8e34, req-method- PUT Error: Error while assigning lead Service layer","timestamp":"2025-09-09T11:14:19.711Z"}
{"level":"error","message":"statusCode-200 in url- /api/v1/lead/assign/68c0089ff377d5eb79ec8e34, req-method- PUT Error: Error while assigning lead Service layer","timestamp":"2025-09-09T11:14:22.962Z"}
{"level":"error","message":"statusCode-200 in url- /api/v1/estimate/create-estimate-existing-lead, req-method- POST Error: Service Error (createLeadWithEstimate): Repo Error (createEstimateForExistingLeadRepo): Caused by :: Write conflict during plan execution and yielding is disabled. :: Please retry your operation or multi-document transaction.","timestamp":"2025-09-09T11:14:58.451Z"}
{"level":"error","message":"statusCode-200 in url- /api/v1/auth/loginEmployee, req-method- POST Error: Invalid credentials","timestamp":"2025-09-09T11:22:34.752Z"}
{"level":"error","message":"statusCode-200 in url- /api/v1/lead/talking/status/68c02d4ad6a5b239c4e334bb, req-method- PUT Error: Service Error: Repository Error: Estimate must be completed before moving to talking","timestamp":"2025-09-10T07:44:51.961Z"}
{"level":"error","message":"statusCode-200 in url- /api/v1/estimate/create-estimate-existing-lead, req-method- POST Error: Service Error (createLeadWithEstimate): Repo Error (createEstimateForExistingLeadRepo): Caused by :: Write conflict during plan execution and yielding is disabled. :: Please retry your operation or multi-document transaction.","timestamp":"2025-09-10T07:48:22.131Z"}
{"level":"error","message":"statusCode-200 in url- /api/v1/estimate/create-estimate-existing-lead, req-method- POST Error: Service Error (createLeadWithEstimate): Repo Error (createEstimateForExistingLeadRepo): Caused by :: Write conflict during plan execution and yielding is disabled. :: Please retry your operation or multi-document transaction.","timestamp":"2025-09-10T08:09:18.498Z"}
{"level":"error","message":"statusCode-200 in url- /api/v1/estimate/create-estimate-existing-lead, req-method- POST Error: Service Error (createLeadWithEstimate): Repo Error (createEstimateForExistingLeadRepo): Caused by :: Write conflict during plan execution and yielding is disabled. :: Please retry your operation or multi-document transaction.","timestamp":"2025-09-10T11:33:21.953Z"}
{"level":"error","message":"error Route not found","timestamp":"2025-09-10T11:33:25.026Z"}
{"level":"error","message":"error Route not found","timestamp":"2025-09-10T11:36:58.168Z"}
{"level":"error","message":"statusCode-200 in url- /api/v1/estimate/create-estimate-existing-lead, req-method- POST Error: Service Error (createLeadWithEstimate): Repo Error (createEstimateForExistingLeadRepo): Caused by :: Write conflict during plan execution and yielding is disabled. :: Please retry your operation or multi-document transaction.","timestamp":"2025-09-10T11:38:01.527Z"}
{"level":"error","message":"error Route not found","timestamp":"2025-09-10T11:38:03.935Z"}
{"level":"error","message":"statusCode-200 in url- /api/v1/estimate/create-estimate-existing-lead, req-method- POST Error: Service Error (createLeadWithEstimate): Repo Error (createEstimateForExistingLeadRepo): Caused by :: Write conflict during plan execution and yielding is disabled. :: Please retry your operation or multi-document transaction.","timestamp":"2025-09-10T11:44:58.233Z"}
{"level":"error","message":"statusCode-200 in url- /api/v1/estimate/create-estimate-existing-lead, req-method- POST Error: Service Error (createLeadWithEstimate): Repo Error (createEstimateForExistingLeadRepo): Caused by :: Write conflict during plan execution and yielding is disabled. :: Please retry your operation or multi-document transaction.","timestamp":"2025-09-10T11:46:28.855Z"}
{"level":"error","message":"statusCode-200 in url- /api/v1/lead/get-updated-lead/leadId=68c165a368db667ed0d4e17b, req-method- GET Error: Error while getting Lead Details (Service Layer)","timestamp":"2025-09-10T11:49:03.135Z"}
{"level":"error","message":"statusCode-200 in url- /api/v1/lead/get-updated-lead/leadId=68c165a368db667ed0d4e17b, req-method- GET Error: Error while getting Lead Details (Service Layer)","timestamp":"2025-09-10T11:50:07.895Z"}
{"level":"error","message":"statusCode-200 in url- /api/v1/lead/get-updated-lead/leadId=68c1684c2949e63230dec8f0, req-method- GET Error: Error while getting Lead Details (Service Layer)","timestamp":"2025-09-10T12:00:20.225Z"}
{"level":"error","message":"statusCode-200 in url- /api/v1/estimate/create-estimate-existing-lead, req-method- POST Error: Service Error (createLeadWithEstimate): Repo Error (createEstimateForExistingLeadRepo): Caused by :: Write conflict during plan execution and yielding is disabled. :: Please retry your operation or multi-document transaction.","timestamp":"2025-09-10T12:00:39.754Z"}
{"level":"error","message":"statusCode-200 in url- /api/v1/lead/get-updated-lead/leadId=68c1684c2949e63230dec8f0, req-method- GET Error: Error while getting Lead Details (Service Layer)","timestamp":"2025-09-10T12:00:42.336Z"}
{"level":"error","message":"statusCode-200 in url- /api/v1/estimate/create-estimate-existing-lead, req-method- POST Error: Service Error (createLeadWithEstimate): Repo Error (createEstimateForExistingLeadRepo): Caused by :: Write conflict during plan execution and yielding is disabled. :: Please retry your operation or multi-document transaction.","timestamp":"2025-09-10T12:02:36.670Z"}
{"level":"error","message":"statusCode-200 in url- /api/v1/lead/get-updated-lead/leadId=68c168c12949e63230dec990, req-method- GET Error: Error while getting Lead Details (Service Layer)","timestamp":"2025-09-10T12:02:39.019Z"}
{"level":"error","message":"statusCode-200 in url- /api/v1/lead/get-updated-lead/leadId=68c168f82949e63230deca3b, req-method- GET Error: Error while getting Lead Details (Service Layer)","timestamp":"2025-09-10T12:03:29.939Z"}
{"level":"error","message":"statusCode-200 in url- /api/v1/estimate/create-estimate-existing-lead, req-method- POST Error: Service Error (createLeadWithEstimate): Repo Error (createEstimateForExistingLeadRepo): Caused by :: Write conflict during plan execution and yielding is disabled. :: Please retry your operation or multi-document transaction.","timestamp":"2025-09-10T12:23:40.478Z"}
{"level":"error","message":"statusCode-200 in url- /api/v1/estimate/create-estimate-existing-lead, req-method- POST Error: Service Error (createLeadWithEstimate): Repo Error (createEstimateForExistingLeadRepo): Caused by :: Write conflict during plan execution and yielding is disabled. :: Please retry your operation or multi-document transaction.","timestamp":"2025-09-10T12:36:28.316Z"}
{"level":"error","message":"statusCode-200 in url- /api/v1/estimate/create-estimate-existing-lead, req-method- POST Error: Service Error (createLeadWithEstimate): Repo Error (createEstimateForExistingLeadRepo): Caused by :: Write conflict during plan execution and yielding is disabled. :: Please retry your operation or multi-document transaction.","timestamp":"2025-09-10T18:19:03.338Z"}
{"level":"error","message":"statusCode-200 in url- /api/v1/auth/loginEmployee, req-method- POST Error: Invalid credentials","timestamp":"2025-09-11T11:19:48.852Z"}
{"level":"error","message":"statusCode-200 in url- /api/v1/estimate/create-estimate-existing-lead, req-method- POST Error: Service Error (createLeadWithEstimate): Repo Error (createEstimateForExistingLeadRepo): Caused by :: Write conflict during plan execution and yielding is disabled. :: Please retry your operation or multi-document transaction.","timestamp":"2025-09-11T12:31:46.642Z"}
{"level":"error","message":"statusCode-200 in url- /api/v1/estimate/create-estimate-existing-lead, req-method- POST Error: Service Error (createLeadWithEstimate): Repo Error (createEstimateForExistingLeadRepo): Caused by :: Write conflict during plan execution and yielding is disabled. :: Please retry your operation or multi-document transaction.","timestamp":"2025-09-11T12:39:02.785Z"}
{"level":"error","message":"statusCode-200 in url- /api/v1/lead/assign/68c2c414aba070c4ada52692, req-method- PUT Error: Error while assigning lead Service layer","timestamp":"2025-09-11T12:49:57.330Z"}
{"level":"error","message":"statusCode-200 in url- /api/v1/lead/assign/68c2c414aba070c4ada52692, req-method- PUT Error: Error while assigning lead Service layer","timestamp":"2025-09-11T12:50:02.052Z"}
{"level":"error","message":"statusCode-200 in url- /api/v1/estimate/create-estimate-existing-lead, req-method- POST Error: Service Error (createLeadWithEstimate): Repo Error (createEstimateForExistingLeadRepo): Caused by :: Write conflict during plan execution and yielding is disabled. :: Please retry your operation or multi-document transaction.","timestamp":"2025-09-11T12:52:39.864Z"}
{"level":"error","message":"statusCode-200 in url- /api/v1/estimate/create-estimate-existing-lead, req-method- POST Error: Service Error (createLeadWithEstimate): Repo Error (createEstimateForExistingLeadRepo): Caused by :: Write conflict during plan execution and yielding is disabled. :: Please retry your operation or multi-document transaction.","timestamp":"2025-09-11T13:09:08.094Z"}
{"level":"error","message":"statusCode-200 in url- /api/v1/auth/loginEmployee, req-method- POST Error: Invalid credentials","timestamp":"2025-09-11T13:22:02.104Z"}
{"level":"error","message":"statusCode-200 in url- /api/v1/auth/loginEmployee, req-method- POST Error: Invalid credentials","timestamp":"2025-09-11T13:22:05.492Z"}
{"level":"error","message":"statusCode-200 in url- /api/v1/lead/design/status/68c2c9d351e7a4baea3b9a7d, req-method- PUT Error: Service error (updateStatusToDesigning): Error during repository operation: Lead must be in talking state","timestamp":"2025-09-11T13:23:34.749Z"}
{"level":"error","message":"statusCode-200 in url- /api/v1/lead/design/status/68c2c9d351e7a4baea3b9a7d, req-method- PUT Error: Service error (updateStatusToDesigning): Error during repository operation: Lead must be in talking state","timestamp":"2025-09-11T13:23:39.899Z"}
{"level":"error","message":"statusCode-200 in url- /api/v1/lead/design/status/68c2c9d351e7a4baea3b9a7d, req-method- PUT Error: Service error (updateStatusToDesigning): Error during repository operation: Lead must be in talking state","timestamp":"2025-09-11T13:23:56.192Z"}
{"level":"error","message":"statusCode-200 in url- /api/v1/estimate/create-estimate-existing-lead, req-method- POST Error: Service Error (createLeadWithEstimate): Repo Error (createEstimateForExistingLeadRepo): Caused by :: Write conflict during plan execution and yielding is disabled. :: Please retry your operation or multi-document transaction.","timestamp":"2025-09-11T13:26:39.191Z"}
{"level":"error","message":"statusCode-200 in url- /api/v1/estimate/create-estimate-existing-lead, req-method- POST Error: Service Error (createLeadWithEstimate): Repo Error (createEstimateForExistingLeadRepo): Caused by :: Write conflict during plan execution and yielding is disabled. :: Please retry your operation or multi-document transaction.","timestamp":"2025-09-11T13:56:34.156Z"}
{"level":"error","message":"statusCode-200 in url- /api/v1/estimate/create-estimate-existing-lead, req-method- POST Error: Service Error (createLeadWithEstimate): Repo Error (createEstimateForExistingLeadRepo): Caused by :: Write conflict during plan execution and yielding is disabled. :: Please retry your operation or multi-document transaction.","timestamp":"2025-09-11T14:00:11.987Z"}
{"level":"error","message":"statusCode-200 in url- /api/v1/auth/loginEmployee, req-method- POST Error: Invalid credentials","timestamp":"2025-09-11T14:02:02.320Z"}
{"level":"error","message":"statusCode-200 in url- /api/v1/estimate/create-estimate-existing-lead, req-method- POST Error: Service Error (createLeadWithEstimate): Repo Error (createEstimateForExistingLeadRepo): Caused by :: Write conflict during plan execution and yielding is disabled. :: Please retry your operation or multi-document transaction.","timestamp":"2025-09-11T14:41:53.771Z"}
{"level":"error","message":"statusCode-200 in url- /api/v1/auth/loginEmployee, req-method- POST Error: Invalid credentials","timestamp":"2025-09-12T05:15:13.650Z"}
{"level":"error","message":"statusCode-200 in url- /api/v1/auth/loginEmployee, req-method- POST Error: Invalid credentials","timestamp":"2025-09-12T05:15:35.319Z"}
{"level":"error","message":"statusCode-200 in url- /api/v1/estimate/create-estimate-existing-lead, req-method- POST Error: Service Error (createLeadWithEstimate): Repo Error (createEstimateForExistingLeadRepo): Caused by :: Write conflict during plan execution and yielding is disabled. :: Please retry your operation or multi-document transaction.","timestamp":"2025-09-12T05:18:42.092Z"}
{"level":"error","message":"statusCode-200 in url- /api/v1/estimate/create-estimate-existing-lead, req-method- POST Error: Service Error (createLeadWithEstimate): Repo Error (createEstimateForExistingLeadRepo): Caused by :: Write conflict during plan execution and yielding is disabled. :: Please retry your operation or multi-document transaction.","timestamp":"2025-09-12T05:26:07.389Z"}
{"level":"error","message":"statusCode-200 in url- /api/v1/estimate/create-estimate-existing-lead, req-method- POST Error: Service Error (createLeadWithEstimate): Repo Error (createEstimateForExistingLeadRepo): Caused by :: Write conflict during plan execution and yielding is disabled. :: Please retry your operation or multi-document transaction.","timestamp":"2025-09-12T07:39:19.772Z"}
{"level":"error","message":"error Route not found","timestamp":"2025-09-23T05:52:22.109Z"}
{"level":"error","message":"error Route not found","timestamp":"2025-09-23T05:52:44.904Z"}
{"level":"error","message":"error Route not found","timestamp":"2025-09-23T05:52:54.163Z"}
{"level":"error","message":"error Route not found","timestamp":"2025-09-23T05:53:25.934Z"}
{"level":"error","message":"error Route not found","timestamp":"2025-09-23T05:53:35.722Z"}
{"level":"error","message":"error Route not found","timestamp":"2025-09-23T05:54:32.208Z"}
{"level":"error","message":"error Route not found","timestamp":"2025-09-23T05:54:37.131Z"}
